<?xml version="1.0" encoding="UTF-8"?>
<!-- Generated by org.testng.reporters.JUnitXMLReporter -->
<testsuite ignored="0" hostname="LAPTOP-DNON9ACU" failures="0" tests="5" name="Tasks" time="123.332" errors="0" timestamp="2022-12-09T23:39:15 IST">
  <testcase classname="test.TestClass" name="pegaLogin" time="8.154"/>
  <testcase classname="test.TestClass" name="launchInstance" time="52.644"/>
  <testcase classname="test.TestClass" name="startAnInteraction" time="10.253"/>
  <testcase classname="test.TestClass" name="pegaDisputeTransaction" time="27.641"/>
  <testcase classname="test.TestClass" name="wrapUpInteraction" time="15.311"/>
</testsuite> <!-- Tasks -->
