<?xml version="1.0" encoding="UTF-8"?>
<!-- Generated by org.testng.reporters.JUnitXMLReporter -->
<testsuite ignored="0" hostname="LAPTOP-DNON9ACU" failures="0" tests="5" name="Test" time="119.284" errors="0" timestamp="2022-12-09T21:33:49 IST">
  <testcase classname="test.TestClass" name="pegaLogin" time="8.249"/>
  <testcase classname="test.TestClass" name="launchInstance" time="56.307"/>
  <testcase classname="test.TestClass" name="startAnInteraction" time="8.097"/>
  <testcase classname="test.TestClass" name="pegaDisputeTransaction" time="26.424"/>
  <testcase classname="test.TestClass" name="wrapUpInteraction" time="10.401"/>
</testsuite> <!-- Test -->
