<?xml version="1.0" encoding="UTF-8"?>
<testng-results ignored="0" total="5" passed="5" failed="0" skipped="0">
  <reporter-output>
  </reporter-output>
  <suite started-at="2022-12-09T23:37:11 IST" name="PegaCaseStudy1" finished-at="2022-12-09T23:39:15 IST" duration-ms="123332">
    <groups>
    </groups>
    <test started-at="2022-12-09T23:37:11 IST" name="Tasks" finished-at="2022-12-09T23:39:15 IST" duration-ms="123332">
      <class name="test.TestClass">
        <test-method is-config="true" signature="driverSetup()[pri:0, instance:test.TestClass@4e0ae11f]" started-at="2022-12-09T23:37:11 IST" name="driverSetup" finished-at="2022-12-09T23:37:20 IST" duration-ms="8676" status="PASS">
          <reporter-output>
          </reporter-output>
        </test-method> <!-- driverSetup -->
        <test-method signature="pegaLogin()[pri:1, instance:test.TestClass@4e0ae11f]" started-at="2022-12-09T23:37:20 IST" name="pegaLogin" finished-at="2022-12-09T23:37:28 IST" duration-ms="8154" status="PASS">
          <reporter-output>
          </reporter-output>
        </test-method> <!-- pegaLogin -->
        <test-method signature="launchInstance()[pri:2, instance:test.TestClass@4e0ae11f]" started-at="2022-12-09T23:37:28 IST" name="launchInstance" finished-at="2022-12-09T23:38:21 IST" duration-ms="52644" status="PASS">
          <reporter-output>
          </reporter-output>
        </test-method> <!-- launchInstance -->
        <test-method signature="startAnInteraction()[pri:3, instance:test.TestClass@4e0ae11f]" started-at="2022-12-09T23:38:21 IST" name="startAnInteraction" finished-at="2022-12-09T23:38:31 IST" duration-ms="10253" status="PASS">
          <reporter-output>
          </reporter-output>
        </test-method> <!-- startAnInteraction -->
        <test-method signature="pegaDisputeTransaction()[pri:4, instance:test.TestClass@4e0ae11f]" started-at="2022-12-09T23:38:31 IST" name="pegaDisputeTransaction" finished-at="2022-12-09T23:38:59 IST" duration-ms="27641" status="PASS">
          <reporter-output>
          </reporter-output>
        </test-method> <!-- pegaDisputeTransaction -->
        <test-method signature="wrapUpInteraction()[pri:5, instance:test.TestClass@4e0ae11f]" started-at="2022-12-09T23:38:59 IST" name="wrapUpInteraction" finished-at="2022-12-09T23:39:14 IST" duration-ms="15311" status="PASS">
          <reporter-output>
          </reporter-output>
        </test-method> <!-- wrapUpInteraction -->
        <test-method is-config="true" signature="closeBrowser()[pri:0, instance:test.TestClass@4e0ae11f]" started-at="2022-12-09T23:39:14 IST" name="closeBrowser" finished-at="2022-12-09T23:39:15 IST" duration-ms="611" status="PASS">
          <reporter-output>
          </reporter-output>
        </test-method> <!-- closeBrowser -->
      </class> <!-- test.TestClass -->
    </test> <!-- Tasks -->
  </suite> <!-- PegaCaseStudy1 -->
</testng-results>
