<?xml version="1.0" encoding="UTF-8"?>
<!-- Generated by org.testng.reporters.JUnitXMLReporter -->
<testsuite ignored="0" hostname="LAPTOP-DNON9ACU" failures="0" tests="5" name="Default test" time="133.32" errors="0" timestamp="2022-12-09T23:22:09 IST">
  <testcase classname="test.TestClass" name="pegaLogin" time="7.875"/>
  <testcase classname="test.TestClass" name="launchInstance" time="58.521"/>
  <testcase classname="test.TestClass" name="startAnInteraction" time="12.385"/>
  <testcase classname="test.TestClass" name="pegaDisputeTransaction" time="30.051"/>
  <testcase classname="test.TestClass" name="wrapUpInteraction" time="14.429"/>
</testsuite> <!-- Default test -->
